1
1970
1970
1970
1970
999999999
0
5155
13407
-999999999
999999999
999999999
1
17059
-999999999
28621
28621
17059
0
28621
5155
28621
4387
28621
1
17666
5155
28826
1221
14459
1
26142
28826
1970
28826
26142
1
5155
18567
18567
14459
14459
0
21299
26142
26142
26142
1221
0
21299
13940
18567
18567
999999999
1
13940
4387
18567
28017
21299
1
28826
13940
5155
12700
4387
1
28826
17059
13940
999999999
18567
1
26142
1221
12758
7555
28017
0
9440
17059
5155
999999999
999999999
1
18567
5155
12758
15555
2698
1
17059
29495
18567
660
17059
0
13940
27119
29495
27119
26693
0
7555
-999999999
13940
18112
15555
0
26693
7555
26693
15555
6459
1
12758
5155
11373
15555
660
1
18579
5155
22377
7555
21798
1
18579
13940
7555
21798
12700
1
18579
16955
28017
30733
31630
1
16955
8944
1154
4981
21798
0
22377
15555
20886
18567
5797
1
8944
12758
22582
18112
28661
1
10659
22582
22582
10659
1970
1
11373
25592
1221
5797
999999999
0
26693
13940
18579
7555
18567
0
16958
1154
31954
13940
3111
1
18112
16958
16958
24510
3111
1
8787
22948
22948
27789
31602
1
13940
19644
28826
4643
26215
0
18112
29794
24510
10246
20886
0
8787
29794
13307
20886
4981
1
29794
22948
5125
18567
24510
0
5125
22948
7327
3016
7864
1
27789
20886
8582
21798
14573
1
7032
21808
29578
28826
24510
1
8787
29578
8582
7032
14573
0
24510
16958
13629
13307
19325
0
1970
28017
15555
31602
18567
0
29578
24510
12011
16738
12622
0
28826
19644
16958
32154
16738
1
22377
29845
4387
5747
5747
1
16958
5125
20886
15362
6459
0
15555
16958
19325
9961
11364
1
24510
32207
12011
9961
3016
1
24510
15555
29495
26304
7327
1
29192
1970
21179
21798
12622
1
19644
29845
5125
1112
12987
1
9029
1970
4387
7555
3813
1
11709
764
23717
3813
1934
1
31614
16958
13940
10414
22948
1
13940
6560
14573
3016
9961
0
32207
1417
2246
29192
26050
1
27789
2246
3111
12437
12011
0
28826
14573
26570
4239
22948
1
18579
16958
21808
12437
5747
1
13937
20693
9029
14573
19325
0
2246
2246
12758
26050
5747
1
6865
20886
8290
8290
32207
0
23996
1221
1743
15260
1112
0
23996
19644
12758
16831
16510
1
23996
21179
16958
6201
2983
0
4981
29692
19644
1417
31614
1
28017
15963
16958
19644
19325
1
15555
21808
23996
161
8290
1
764
12437
13937
9961
28526
1
16958
6865
15044
28017
12987
0
6865
9029
1350
18112
11364
1
5797
3111
20693
10888
12437
1
10609
506
1433
16738
18112
1
764
9961
3111
26570
26050
1
14573
31645
20886
4219
4643
1
27375
21808
18112
23717
12758
1
5125
3111
12987
11364
10888
1
23717
26343
31645
20626
27137
0
10609
3813
24052
11364
18112
0
24052
18821
12622
11568
2246
0
20886
24052
13937
18567
21179
0
21808
15555
9022
11961
3016
0
11568
4643
26181
23717
28526
1
-999999999
10246
26156
31138
22948
0
27532
13159
8290
10245
7864
0
7864
31645
26570
7221
20626
1
1221
15595
1154
28526
30646
0
31645
16958
2246
23049
506
0
31138
13575
16329
30646
29324
1
15963
18112
19746
3111
27137
1
32225
3825
17241
6480
10888
1
5125
29324
32225
506
2983
1
13937
12675
29692
506
23297
1
19746
17715
12792
2983
3111
0
20886
14333
27867
12758
13572
1
26056
25437
4414
1112
8290
0
10888
2193
31645
15922
11709
0
23717
7864
28017
30602
11568
1
19746
23518
30817
22559
23717
1
10888
29069
11568
18821
